<?xml version="1.0" encoding="UTF-8"?>
<testsuite name="EtlTest" tests="4" skipped="0" failures="0" errors="0" timestamp="2017-01-01T07:01:06" hostname="in-mesther.local" time="0.003">
  <properties/>
  <testcase name="testTransformOneValue" classname="EtlTest" time="0.001"/>
  <testcase name="testTransformMoreValues" classname="EtlTest" time="0.001"/>
  <testcase name="testFullDataset" classname="EtlTest" time="0.0"/>
  <testcase name="testMoreKeys" classname="EtlTest" time="0.0"/>
  <system-out><![CDATA[]]></system-out>
  <system-err><![CDATA[]]></system-err>
</testsuite>
